#
# There is insufficient memory for the Java Runtime Environment to continue.
# Native memory allocation (malloc) failed to allocate 32744 bytes for ChunkPool::allocate
# Possible reasons:
#   The system is out of physical RAM or swap space
#   In 32 bit mode, the process size limit was hit
# Possible solutions:
#   Reduce memory load on the system
#   Increase physical memory or swap space
#   Check if swap backing store is full
#   Use 64 bit Java on a 64 bit OS
#   Decrease Java heap size (-Xmx/-Xms)
#   Decrease number of Java threads
#
#  Out of Memory Error
#
# ] JavaThread "DiscoveryClient-HeartbeatExecutor-0" daemon [_thread_blocked, id=26996, stack(0x000000002ea90000,0x000000002eb90000)]
  0x0000000020c1c800 JavaThread "DiscoveryClient-CacheRefreshExecutor-0" daemon [_thread_blocked, id=8856, stack(0x000000002e990000,0x000000002ea90000)]
  0x0000000020c1d800 JavaThread "DestroyJavaVM" [_thread_blocked, id=8696, stack(0x0000000002510000,0x0000000002610000)]
  0x0000000020c11800 JavaThread "http-nio-8762-AsyncTimeout" daemon [_thread_blocked, id=4024, stack(0x000000002e790000,0x000000002e890000)]
  0x0000000020c18000 JavaThread "http-nio-8762-Acceptor-0" daemon [_thread_in_native, id=11352, stack(0x000000002e690000,0x000000002e790000)]
  0x0000000020c15000 JavaThread "http-nio-8762-ClientPoller-1" daemon [_thread_in_native, id=22256, stack(0x000000002e590000,0x000000002e690000)]
  0x0000000020c10800 JavaThread "http-nio-8762-ClientPoller-0" daemon [_thread_in_native, id=13108, stack(0x000000002e490000,0x000000002e590000)]
  0x0000000020c17800 JavaThread "http-nio-8762-exec-10" daemon [_thread_blocked, id=24148, stack(0x000000002e390000,0x000000002e490000)]
  0x0000000020c16800 JavaThread "http-nio-8762-exec-9" daemon [_thread_blocked, id=15216, stack(0x000000002e290000,0x000000002e390000)]
  0x0000000020c16000 JavaThread "http-nio-8762-exec-8" daemon [_thread_blocked, id=17000, stack(0x000000002e190000,0x000000002e290000)]
  0x0000000020c14800 JavaThread "http-nio-8762-exec-7" daemon [_thread_blocked, id=12092, stack(0x000000002e090000,0x000000002e190000)]
  0x0000000020c13800 JavaThread "http-nio-8762-exec-6" daemon [_thread_blocked, id=19676, stack(0x000000002df90000,0x000000002e090000)]
  0x0000000020c13000 JavaThread "http-nio-8762-exec-5" daemon [_thread_blocked, id=9596, stack(0x000000002de90000,0x000000002df90000)]
  0x0000000020c12000 JavaThread "http-nio-8762-exec-4" daemon [_thread_blocked, id=21732, stack(0x000000002dd90000,0x000000002de90000)]
  0x0000000027327800 JavaThread "http-nio-8762-exec-3" daemon [_thread_blocked, id=14048, stack(0x000000002dc90000,0x000000002dd90000)]
  0x000000002732a000 JavaThread "http-nio-8762-exec-2" daemon [_thread_blocked, id=7388, stack(0x000000002db90000,0x000000002dc90000)]
  0x0000000027329000 JavaThread "http-nio-8762-exec-1" daemon [_thread_blocked, id=9528, stack(0x000000002da90000,0x000000002db90000)]
  0x0000000027327000 JavaThread "NioBlockingSelector.BlockPoller-1" daemon [_thread_in_native, id=24352, stack(0x000000002d990000,0x000000002da90000)]
  0x0000000027328800 JavaThread "DiscoveryClient-InstanceInfoReplicator-0" daemon [_thread_blocked, id=22896, stack(0x000000002d890000,0x000000002d990000)]
  0x0000000027326000 JavaThread "DiscoveryClient-1" daemon [_thread_blocked, id=12224, stack(0x000000002afd0000,0x000000002b0d0000)]
  0x0000000027324800 JavaThread "DiscoveryClient-0" daemon [_thread_blocked, id=27060, stack(0x000000002abe0000,0x000000002ace0000)]
  0x000000002732b800 JavaThread "AsyncResolver-bootstrap-0" daemon [_thread_blocked, id=9956, stack(0x000000002a9e0000,0x000000002aae0000)]
  0x000000002732a800 JavaThread "Eureka-JerseyClient-Conn-Cleaner2" daemon [_thread_blocked, id=7728, stack(0x000000002a680000,0x000000002a780000)]
  0x0000000027325800 JavaThread "Eureka-JerseyClient-Conn-Cleaner2" daemon [_thread_blocked, id=17068, stack(0x00000000292f0000,0x00000000293f0000)]
  0x00000000281d0800 JavaThread "spring.cloud.inetutils" daemon [_thread_blocked, id=10404, stack(0x0000000027e90000,0x0000000027f90000)]
  0x0000000024607800 JavaThread "container-0" [_thread_blocked, id=5564, stack(0x0000000026830000,0x0000000026930000)]
  0x0000000020f39000 JavaThread "ContainerBackgroundProcessor[StandardEngine[Tomcat]]" daemon [_thread_blocked, id=24208, stack(0x0000000026730000,0x0000000026830000)]
  0x000000001e30e800 JavaThread "Service Thread" daemon [_thread_blocked, id=18816, stack(0x0000000020340000,0x0000000020440000)]
  0x000000001e2ff000 JavaThread "C1 CompilerThread2" daemon [_thread_in_native, id=22604, stack(0x0000000020240000,0x0000000020340000)]
=>0x000000001e2fe000 JavaThread "C2 CompilerThread1" daemon [_thread_in_native, id=11752, stack(0x0000000020140000,0x0000000020240000)]
  0x000000001e305000 JavaThread "C2 CompilerThread0" daemon [_thread_blocked, id=9916, stack(0x0000000020040000,0x0000000020140000)]
  0x000000001e2e8000 JavaThread "JDWP Event Helper Thread" daemon [_thread_blocked, id=19944, stack(0x000000001fe40000,0x000000001ff40000)]
  0x000000001f763000 JavaThread "Attach Listener" daemon [_thread_blocked, id=7984, stack(0x000000001fc20000,0x000000001fd20000)]
  0x000000001e2c8000 JavaThread "Signal Dispatcher" daemon [_thread_blocked, id=10356, stack(0x000000001fb20000,0x000000001fc20000)]
  0x0000000002709800 JavaThread "Finalizer" daemon [_thread_blocked, id=1388, stack(0x000000001f510000,0x000000001f610000)]
  0x0000000002706000 JavaThread "Reference Handler" daemon [_thread_blocked, id=9744, stack(0x000000001f410000,0x000000001f510000)]

Other Threads:
  0x000000001e278000 VMThread [stack: 0x000000001f310000,0x000000001f410000] [id=17360]
  0x000000001f875000 WatcherThread [stack: 0x0000000020440000,0x0000000020540000] [id=10096]

VM state:at safepoint (normal execution)

VM Mutex/Monitor currently owned by a thread:  ([mutex/lock_event])
[0x0000000002614f00] Threads_lock - owner thread: 0x000000001e278000

Heap:
 PSYoungGen      total 279552K, used 190336K [0x0000000755f00000, 0x0000000769300000, 0x00000007c0000000)
  eden space 267264K, 66% used [0x0000000755f00000,0x0000000760d5eb68,0x0000000766400000)
  from space 12288K, 95% used [0x0000000768700000,0x0000000769281500,0x0000000769300000)
  to   space 21504K, 0% used [0x0000000766900000,0x0000000766900000,0x0000000767e00000)
 ParOldGen       total 229888K, used 25235K [0x0000000681c00000, 0x000000068fc80000, 0x0000000755f00000)
  object space 229888K, 10% used [0x0000000681c00000,0x00000006834a4d30,0x000000068fc80000)
 Metaspace       used 47640K, capacity 48180K, committed 48512K, reserved 1091584K
  class space    used 5829K, capacity 5972K, committed 6016K, reserved 1048576K

Card table byte_map: [0x0000000011ad0000,0x00000000124d0000] byte_map_base: 0x000000000e6c2000

Marking Bits: (ParMarkBitMap*) 0x000000006a98f600
 Begin Bits: [0x0000000012f80000, 0x0000000017f10000)
 End Bits:   [0x0000000017f10000, 0x000000001cea0000)

Polling page: 0x0000000000730000

CodeCache: size=245760Kb used=22672Kb max_used=22684Kb free=223087Kb
 bounds [0x0000000002710000, 0x0000000003d60000, 0x0000000011710000]
 total_blobs=6169 nmethods=5711 adapters=377
 compilation: enabled

Compilation events (10 events):
Event: 69449.749 Thread 0x000000001e2ff000 6791       3       ch.qos.logback.classic.spi.ThrowableProxyUtil::subjoinPackagingData (64 bytes)
Event: 69449.750 Thread 0x000000001e2ff000 nmethod 6791 0x0000000003d37ed0 code [0x0000000003d38100, 0x0000000003d38e18]
Event: 69449.750 Thread 0x000000001e2ff000 6790       3       ch.qos.logback.classic.pattern.ExtendedThrowableProxyConverter::extraData (6 bytes)
Event: 69449.750 Thread 0x000000001e2ff000 nmethod 6790 0x0000000003d37b10 code [0x0000000003d37c80, 0x0000000003d37e28]
Event: 69449.750 Thread 0x000000001e2ff000 6788       3       sun.util.calendar.ZoneInfo::getOffsets (276 bytes)
Event: 69449.752 Thread 0x000000001e2ff000 nmethod 6788 0x0000000003d4ef50 code [0x0000000003d4f180, 0x0000000003d4ff88]
Event: 69479.736 Thread 0x000000001e305000 6792       4       com.sun.jersey.core.spi.factory.AbstractRuntimeDelegate::createHeaderDelegate (40 bytes)
Event: 69479.743 Thread 0x000000001e305000 nmethod 6792 0x0000000003d372d0 code [0x0000000003d37440, 0x0000000003d37778]
Event: 69481.744 Thread 0x000000001e2fe000 6793       4       com.netflix.servo.monitor.TimedStopwatch::stop (21 bytes)
Event: 69481.747 Thread 0x000000001e2ff000 6794   !   3       ch.qos.logback.classic.spi.PackagingDataCalculator::bestEffortLoadClass (61 bytes)

GC Heap History (10 events):
Event: 12.393 GC heap before
{Heap before GC invocations=6 (full 1):
 PSYoungGen      total 137728K, used 131701K [0x0000000755f00000, 0x000000075f500000, 0x00000007c0000000)
  eden space 124416K, 100% used [0x0000000755f00000,0x000000075d880000,0x000000075d880000)
  from space 13312K, 54% used [0x000000075e580000,0x000000075ec9d4c0,0x000000075f280000)
  to   space 13312K, 0% used [0x000000075d880000,0x000000075d880000,0x000000075e580000)
 ParOldGen       total 142848K, used 9251K [0x0000000681c00000, 0x000000068a780000, 0x0000000755f00000)
  object space 142848K, 6% used [0x0000000681c00000,0x0000000682508e00,0x000000068a780000)
 Metaspace       used 31008K, capacity 31384K, committed 31616K, reserved 1077248K
  class space    used 3801K, capacity 3905K, committed 3968K, reserved 1048576K
Event: 12.407 GC heap after
Heap after GC invocations=6 (full 1):
 PSYoungGen      total 137728K, used 13306K [0x0000000755f00000, 0x0000000763400000, 0x00000007c0000000)
  eden space 124416K, 0% used [0x0000000755f00000,0x0000000755f00000,0x000000075d880000)
  from space 13312K, 99% used [0x000000075d880000,0x000000075e57ea40,0x000000075e580000)
  to   space 15360K, 0% used [0x0000000762500000,0x0000000762500000,0x0000000763400000)
 ParOldGen       total 142848K, used 10443K [0x0000000681c00000, 0x000000068a780000, 0x0000000755f00000)
  object space 142848K, 7% used [0x0000000681c00000,0x0000000682632dd8,0x000000068a780000)
 Metaspace       used 31008K, capacity 31384K, committed 31616K, reserved 1077248K
  class space    used 3801K, capacity 3905K, committed 3968K, reserved 1048576K
}
Event: 14.063 GC heap before
{Heap before GC invocations=7 (full 1):
 PSYoungGen      total 137728K, used 137722K [0x0000000755f00000, 0x0000000763400000, 0x00000007c0000000)
  eden space 124416K, 100% used [0x0000000755f00000,0x000000075d880000,0x000000075d880000)
  from space 13312K, 99% used [0x000000075d880000,0x000000075e57ea40,0x000000075e580000)
  to   space 15360K, 0% used [0x0000000762500000,0x0000000762500000,0x0000000763400000)
 ParOldGen       total 142848K, used 10443K [0x0000000681c00000, 0x000000068a780000, 0x0000000755f00000)
  object space 142848K, 7% used [0x0000000681c00000,0x0000000682632dd8,0x000000068a780000)
 Metaspace       used 33590K, capacity 33972K, committed 34304K, reserved 1079296K
  class space    used 4154K, capacity 4267K, committed 4352K, reserved 1048576K
Event: 14.086 GC heap after
Heap after GC invocations=7 (full 1):
 PSYoungGen      total 199168K, used 15334K [0x0000000755f00000, 0x0000000763f80000, 0x00000007c0000000)
  eden space 183808K, 0% used [0x0000000755f00000,0x0000000755f00000,0x0000000761280000)
  from space 15360K, 99% used [0x0000000762500000,0x00000007633f9a08,0x0000000763400000)
  to   space 18944K, 0% used [0x0000000761280000,0x0000000761280000,0x0000000762500000)
 ParOldGen       total 142848K, used 12909K [0x0000000681c00000, 0x000000068a780000, 0x0000000755f00000)
  object space 142848K, 9% used [0x0000000681c00000,0x000000068289b5c0,0x000000068a780000)
 Metaspace       used 33590K, capacity 33972K, committed 34304K, reserved 1079296K
  class space    used 4154K, capacity 4267K, committed 4352K, reserved 1048576K
}
Event: 18.495 GC heap before
{Heap before GC invocations=8 (full 1):
 PSYoungGen      total 199168K, used 110987K [0x0000000755f00000, 0x0000000763f80000, 0x00000007c0000000)
  eden space 183808K, 52% used [0x0000000755f00000,0x000000075bc692e0,0x0000000761280000)
  from space 15360K, 99% used [0x0000000762500000,0x00000007633f9a08,0x0000000763400000)
  to   space 18944K, 0% used [0x0000000761280000,0x0000000761280000,0x0000000762500000)
 ParOldGen       total 142848K, used 12909K [0x0000000681c00000, 0x000000068a780000, 0x0000000755f00000)
  object space 142848K, 9% used [0x0000000681c00000,0x000000068289b5c0,0x000000068a780000)
 Metaspace       used 34833K, capacity 35224K, committed 35456K, reserved 1081344K
  class space    used 4287K, capacity 4401K, committed 4480K, reserved 1048576K
Event: 18.530 GC heap after
Heap after GC invocations=8 (full 1):
 PSYoungGen      total 202752K, used 18918K [0x0000000755f00000, 0x0000000769d00000, 0x00000007c0000000)
  eden space 183808K, 0% used [0x0000000755f00000,0x0000000755f00000,0x0000000761280000)
  from space 18944K, 99% used [0x0000000761280000,0x00000007624f9a08,0x0000000762500000)
  to   space 22528K, 0% used [0x0000000768700000,0x0000000768700000,0x0000000769d00000)
 ParOldGen       total 142848K, used 13610K [0x0000000681c00000, 0x000000068a780000, 0x0000000755f00000)
  object space 142848K, 9% used [0x0000000681c00000,0x000000068294aaf0,0x000000068a780000)
 Metaspace       used 34833K, capacity 35224K, committed 35456K, reserved 1081344K
  class space    used 4287K, capacity 4401K, committed 4480K, reserved 1048576K
}
Event: 18.530 GC heap before
{Heap before GC invocations=9 (full 2):
 PSYoungGen      total 202752K, used 18918K [0x0000000755f00000, 0x0000000769d00000, 0x00000007c0000000)
  eden space 183808K, 0% used [0x0000000755f00000,0x0000000755f00000,0x0000000761280000)
  from space 18944K, 99% used [0x0000000761280000,0x00000007624f9a08,0x0000000762500000)
  to   space 22528K, 0% used [0x0000000768700000,0x0000000768700000,0x0000000769d00000)
 ParOldGen       total 142848K, used 13610K [0x0000000681c00000, 0x000000068a780000, 0x0000000755f00000)
  object space 142848K, 9% used [0x0000000681c00000,0x000000068294aaf0,0x000000068a780000)
 Metaspace       used 34833K, capacity 35224K, committed 35456K, reserved 1081344K
  class space    used 4287K, capacity 4401K, committed 4480K, reserved 1048576K
Event: 18.678 GC heap after
Heap after GC invocations=9 (full 2):
 PSYoungGen      total 202752K, used 0K [0x0000000755f00000, 0x0000000769d00000, 0x00000007c0000000)
  eden space 183808K, 0% used [0x0000000755f00000,0x0000000755f00000,0x0000000761280000)
  from space 18944K, 0% used [0x0000000761280000,0x0000000761280000,0x0000000762500000)
  to   space 22528K, 0% used [0x0000000768700000,0x0000000768700000,0x0000000769d00000)
 ParOldGen       total 229888K, used 25227K [0x0000000681c00000, 0x000000068fc80000, 0x0000000755f00000)
  object space 229888K, 10% used [0x0000000681c00000,0x00000006834a2d30,0x000000068fc80000)
 Metaspace       used 34833K, capacity 35224K, committed 35456K, reserved 1081344K
  class space    used 4287K, capacity 4401K, committed 4480K, reserved 1048576K
}
Event: 22.477 GC heap before
{Heap before GC invocations=10 (full 2):
 PSYoungGen      total 202752K, used 183808K [0x0000000755f00000, 0x0000000769d00000, 0x00000007c0000000)
  eden space 183808K, 100% used [0x0000000755f00000,0x0000000761280000,0x0000000761280000)
  from space 18944K, 0% used [0x0000000761280000,0x0000000761280000,0x0000000762500000)
  to   space 22528K, 0% used [0x0000000768700000,0x0000000768700000,0x0000000769d00000)
 ParOldGen       total 229888K, used 25227K [0x0000000681c00000, 0x000000068fc80000, 0x0000000755f00000)
  object space 229888K, 10% used [0x0000000681c00000,0x00000006834a2d30,0x000000068fc80000)
 Metaspace       used 42022K, capacity 42518K, committed 42880K, reserved 1087488K
  class space    used 5242K, capacity 5379K, committed 5504K, reserved 1048576K
Event: 22.500 GC heap after
Heap after GC invocations=10 (full 2):
 PSYoungGen      total 279552K, used 11781K [0x0000000755f00000, 0x0000000769300000, 0x00000007c0000000)
  eden space 267264K, 0% used [0x0000000755f00000,0x0000000755f00000,0x0000000766400000)
  from space 12288K, 95% used [0x0000000768700000,0x0000000769281500,0x0000000769300000)
  to   space 21504K, 0% used [0x0000000766900000,0x0000000766900000,0x0000000767e00000)
 ParOldGen       total 229888K, used 25235K [0x0000000681c00000, 0x000000068fc80000, 0x0000000755f00000)
  object space 229888K, 10% used [0x0000000681c00000,0x00000006834a4d30,0x000000068fc80000)
 Metaspace       used 42022K, capacity 42518K, committed 42880K, reserved 1087488K
  class space    used 5242K, capacity 5379K, committed 5504K, reserved 1048576K
}

Deoptimization events (10 events):
Event: 352.254 Thread 0x0000000020c16800 Uncommon trap: reason=class_check action=maybe_recompile pc=0x0000000002c10c6c method=java.util.AbstractList$Itr.hasNext()Z @ 8
Event: 352.255 Thread 0x0000000020c16800 Uncommon trap: reason=class_check action=maybe_recompile pc=0x0000000002ea2db8 method=java.util.AbstractList$Itr.next()Ljava/lang/Object; @ 14
Event: 479.216 Thread 0x0000000020c13000 Uncommon trap: reason=unstable_if action=reinterpret pc=0x00000000038ad034 method=java.lang.Class.privateGetPublicMethods()[Ljava/lang/reflect/Method; @ 177
Event: 61071.803 Thread 0x0000000020c1c800 Uncommon trap: reason=class_check action=maybe_recompile pc=0x0000000002867e70 method=java.util.Collections$UnmodifiableMap$UnmodifiableEntrySet$UnmodifiableEntry.<init>(Ljava/util/Map$Entry;)V @ 9
Event: 61071.803 Thread 0x0000000020c1c800 Uncommon trap: reason=class_check action=maybe_recompile pc=0x0000000002867e70 method=java.util.Collections$UnmodifiableMap$UnmodifiableEntrySet$UnmodifiableEntry.<init>(Ljava/util/Map$Entry;)V @ 9
Event: 61071.804 Thread 0x0000000020c1c800 Uncommon trap: reason=class_check action=maybe_recompile pc=0x0000000002867e70 method=java.util.Collections$UnmodifiableMap$UnmodifiableEntrySet$UnmodifiableEntry.<init>(Ljava/util/Map$Entry;)V @ 9
Event: 61071.804 Thread 0x0000000020c1c800 Uncommon trap: reason=class_check action=maybe_recompile pc=0x0000000002867e70 method=java.util.Collections$UnmodifiableMap$UnmodifiableEntrySet$UnmodifiableEntry.<init>(Ljava/util/Map$Entry;)V @ 9
Event: 69447.722 Thread 0x0000000020c19800 Uncommon trap: reason=unstable_if action=reinterpret pc=0x0000000002b340e8 method=java.lang.StringCoding.safeTrim([CILjava/nio/charset/Charset;Z)[C @ 3
Event: 69447.724 Thread 0x0000000020c19800 Uncommon trap: reason=unstable_if action=reinterpret pc=0x00000000032dec38 method=java.lang.StringCoding.safeTrim([CILjava/nio/charset/Charset;Z)[C @ 3
Event: 69447.738 Thread 0x0000000020c1c800 Uncommon trap: reason=unstable_if action=reinterpret pc=0x0000000002982184 method=java.lang.StringCoding.safeTrim([CILjava/nio/charset/Charset;Z)[C @ 3

Internal exceptions (10 events):
Event: 69449.746 Thread 0x0000000020c1c800 Exception <a 'java/net/ConnectException': Connection refused: connect> (0x0000000760a77150) thrown at [C:\re\workspace\8-2-build-windows-amd64-cygwin\jdk8u71\5731\hotspot\src\share\vm\prims\jni.cpp, line 735]
Event: 69449.748 Thread 0x0000000020c1c800 Exception <a 'java/io/IOException'> (0x0000000760ab6860) thrown at [C:\re\workspace\8-2-build-windows-amd64-cygwin\jdk8u71\5731\hotspot\src\share\vm\prims\jni.cpp, line 709]
Event: 69449.748 Thread 0x0000000020c1c800 Exception <a 'java/io/IOException'> (0x0000000760ab9160) thrown at [C:\re\workspace\8-2-build-windows-amd64-cygwin\jdk8u71\5731\hotspot\src\share\vm\prims\jni.cpp, line 709]
Event: 69449.749 Thread 0x0000000020c1c800 Exception <a 'java/io/IOException'> (0x0000000760acc210) thrown at [C:\re\workspace\8-2-build-windows-amd64-cygwin\jdk8u71\5731\hotspot\src\share\vm\prims\jni.cpp, line 709]
Event: 69480.740 Thread 0x0000000020c19800 Exception <a 'java/net/ConnectException': Connection refused: connect> (0x0000000760c1edf8) thrown at [C:\re\workspace\8-2-build-windows-amd64-cygwin\jdk8u71\5731\hotspot\src\share\vm\prims\jni.cpp, line 735]
Event: 69480.751 Thread 0x0000000020c1c800 Exception <a 'java/net/ConnectException': Connection refused: connect> (0x0000000760aceb70) thrown at [C:\re\workspace\8-2-build-windows-amd64-cygwin\jdk8u71\5731\hotspot\src\share\vm\prims\jni.cpp, line 735]
Event: 69481.743 Thread 0x0000000020c19800 Exception <a 'java/net/ConnectException': Connection refused: connect> (0x0000000760c1f8c8) thrown at [C:\re\workspace\8-2-build-windows-amd64-cygwin\jdk8u71\5731\hotspot\src\share\vm\prims\jni.cpp, line 735]
Event: 69481.746 Thread 0x0000000020c19800 Exception <a 'java/io/IOException'> (0x0000000760c5bb98) thrown at [C:\re\workspace\8-2-build-windows-amd64-cygwin\jdk8u71\5731\hotspot\src\share\vm\prims\jni.cpp, line 709]
Event: 69481.747 Thread 0x0000000020c19800 Exception <a 'java/io/IOException'> (0x0000000760c5e2b0) thrown at [C:\re\workspace\8-2-build-windows-amd64-cygwin\jdk8u71\5731\hotspot\src\share\vm\prims\jni.cpp, line 709]
Event: 69481.748 Thread 0x0000000020c19800 Exception <a 'java/io/IOException'> (0x0000000760c6f298) thrown at [C:\re\workspace\8-2-build-windows-amd64-cygwin\jdk8u71\5731\hotspot\src\share\vm\prims\jni.cpp, line 709]

Events (10 events):
Event: 69481.747 Thread 0x0000000020c19800 DEOPT PACKING pc=0x00000000037f073c sp=0x000000002eb8f000
Event: 69481.747 Thread 0x0000000020c19800 DEOPT UNPACKING pc=0x000000000275787f sp=0x000000002eb8ed78 mode 1
Event: 69481.747 Thread 0x0000000020c19800 DEOPT PACKING pc=0x00000000037ef43c sp=0x000000002eb8f0b0
Event: 69481.747 Thread 0x0000000020c19800 DEOPT UNPACKING pc=0x000000000275787f sp=0x000000002eb8edf0 mode 1
Event: 69481.747 Thread 0x0000000020c19800 DEOPT PACKING pc=0x0000000003ab818c sp=0x000000002eb8f110
Event: 69481.747 Thread 0x0000000020c19800 DEOPT UNPACKING pc=0x000000000275787f sp=0x000000002eb8eed8 mode 1
Event: 69481.747 Thread 0x0000000020c19800 DEOPT PACKING pc=0x00000000037f073c sp=0x000000002eb8f220
Event: 69481.747 Thread 0x0000000020c19800 DEOPT UNPACKING pc=0x000000000275787f sp=0x000000002eb8ef98 mode 1
Event: 69481.747 Thread 0x0000000020c19800 DEOPT PACKING pc=0x0000000003cdfd44 sp=0x000000002eb8f2d0
Event: 69481.747 Thread 0x0000000020c19800 DEOPT UNPACKING pc=0x000000000275787f sp=0x000000002eb8f0c8 mode 1


Dynamic libraries:
0x00007ff6b5e10000 - 0x00007ff6b5e47000 	C:\Program Files\Java\jdk1.8.0_71\bin\java.exe
0x00007ffcb2510000 - 0x00007ffcb26eb000 	C:\WINDOWS\SYSTEM32\ntdll.dll
0x00007ffcafdb0000 - 0x00007ffcafe5e000 	C:\WINDOWS\System32\KERNEL32.DLL
0x00007ffcaf650000 - 0x00007ffcaf899000 	C:\WINDOWS\System32\KERNELBASE.dll
0x00007ffcb1770000 - 0x00007ffcb1811000 	C:\WINDOWS\System32\ADVAPI32.dll
0x00007ffcb2410000 - 0x00007ffcb24ad000 	C:\WINDOWS\System32\msvcrt.dll
0x00007ffcb1a50000 - 0x00007ffcb1aa9000 	C:\WINDOWS\System32\sechost.dll
0x00007ffcb1820000 - 0x00007ffcb1945000 	C:\WINDOWS\System32\RPCRT4.dll
0x00007ffcafa70000 - 0x00007ffcafbba000 	C:\WINDOWS\System32\USER32.dll
0x00007ffcaf2d0000 - 0x00007ffcaf2ee000 	C:\WINDOWS\System32\win32u.dll
0x00007ffcb1630000 - 0x00007ffcb1657000 	C:\WINDOWS\System32\GDI32.dll
0x00007ffcaf4c0000 - 0x00007ffcaf647000 	C:\WINDOWS\System32\gdi32full.dll
0x00007ffcaf230000 - 0x00007ffcaf2ca000 	C:\WINDOWS\System32\msvcp_win.dll
0x00007ffcaf2f0000 - 0x00007ffcaf3e6000 	C:\WINDOWS\System32\ucrtbase.dll
0x00007ffca6910000 - 0x00007ffca6b77000 	C:\WINDOWS\WinSxS\amd64_microsoft.windows.common-controls_6595b64144ccf1df_6.0.15063.483_none_26002d27e7c744a2\COMCTL32.dll
0x00007ffcb1ab0000 - 0x00007ffcb1da9000 	C:\WINDOWS\System32\combase.dll
0x00007ffcaf3f0000 - 0x00007ffcaf45a000 	C:\WINDOWS\System32\bcryptPrimitives.dll
0x00007ffcb1740000 - 0x00007ffcb176d000 	C:\WINDOWS\System32\IMM32.DLL
0x0000000069e70000 - 0x0000000069f42000 	C:\Program Files\Java\jdk1.8.0_71\jre\bin\msvcr100.dll
0x000000006a180000 - 0x000000006aa0f000 	C:\Program Files\Java\jdk1.8.0_71\jre\bin\server\jvm.dll
0x00007ffcafe70000 - 0x00007ffcafe78000 	C:\WINDOWS\System32\PSAPI.DLL
0x00007ffc9a050000 - 0x00007ffc9a059000 	C:\WINDOWS\SYSTEM32\WSOCK32.dll
0x00007ffcb1960000 - 0x00007ffcb19cc000 	C:\WINDOWS\System32\WS2_32.dll
0x00007ffcab7a0000 - 0x00007ffcab7c3000 	C:\WINDOWS\SYSTEM32\WINMM.dll
0x00007ffca8840000 - 0x00007ffca884a000 	C:\WINDOWS\SYSTEM32\VERSION.dll
0x00007ffcab740000 - 0x00007ffcab76b000 	C:\WINDOWS\SYSTEM32\winmmbase.dll
0x00007ffcaf1e0000 - 0x00007ffcaf229000 	C:\WINDOWS\System32\cfgmgr32.dll
0x000000006b7d0000 - 0x000000006b7df000 	C:\Program Files\Java\jdk1.8.0_71\jre\bin\verify.dll
0x000000006b7a0000 - 0x000000006b7c9000 	C:\Program Files\Java\jdk1.8.0_71\jre\bin\java.dll
0x0000000069c10000 - 0x0000000069c45000 	C:\Program Files\Java\jdk1.8.0_71\jre\bin\jdwp.dll
0x0000000069c00000 - 0x0000000069c08000 	C:\Program Files\Java\jdk1.8.0_71\jre\bin\npt.dll
0x000000006b780000 - 0x000000006b796000 	C:\Program Files\Java\jdk1.8.0_71\jre\bin\zip.dll
0x00007ffcb0020000 - 0x00007ffcb1457000 	C:\WINDOWS\System32\SHELL32.dll
0x00007ffcb21f0000 - 0x00007ffcb229a000 	C:\WINDOWS\System32\shcore.dll
0x00007ffcaea30000 - 0x00007ffcaf121000 	C:\WINDOWS\System32\windows.storage.dll
0x00007ffcb15d0000 - 0x00007ffcb1621000 	C:\WINDOWS\System32\shlwapi.dll
0x00007ffcae9a0000 - 0x00007ffcae9b1000 	C:\WINDOWS\System32\kernel.appcore.dll
0x00007ffcae9e0000 - 0x00007ffcaea2c000 	C:\WINDOWS\System32\powrprof.dll
0x00007ffcae9c0000 - 0x00007ffcae9d5000 	C:\WINDOWS\System32\profapi.dll
0x0000000069bf0000 - 0x0000000069bf9000 	C:\Program Files\Java\jdk1.8.0_71\jre\bin\dt_socket.dll
0x00007ffcae290000 - 0x00007ffcae2ec000 	C:\WINDOWS\system32\mswsock.dll
0x000000006b760000 - 0x000000006b77a000 	C:\Program Files\Java\jdk1.8.0_71\jre\bin\net.dll
0x00007ffcae030000 - 0x00007ffcae067000 	C:\WINDOWS\SYSTEM32\IPHLPAPI.DLL
0x00007ffcafe60000 - 0x00007ffcafe68000 	C:\WINDOWS\System32\NSI.dll
0x00007ffca8b00000 - 0x00007ffca8b16000 	C:\WINDOWS\SYSTEM32\dhcpcsvc6.DLL
0x00007ffca8bb0000 - 0x00007ffca8bca000 	C:\WINDOWS\SYSTEM32\dhcpcsvc.DLL
0x00007ffcae070000 - 0x00007ffcae114000 	C:\WINDOWS\SYSTEM32\DNSAPI.dll
0x00007ffc9ec00000 - 0x00007ffc9ec0a000 	C:\Windows\System32\rasadhlp.dll
0x000000006b6e0000 - 0x000000006b6ed000 	C:\Program Files\Java\jdk1.8.0_71\jre\bin\management.dll
0x00007ffc95b10000 - 0x00007ffc95b26000 	C:\WINDOWS\system32\napinsp.dll
0x00007ffc95af0000 - 0x00007ffc95b0a000 	C:\WINDOWS\system32\pnrpnsp.dll
0x00007ffcac8a0000 - 0x00007ffcac8b8000 	C:\WINDOWS\system32\NLAapi.dll
0x00007ffc95df0000 - 0x00007ffc95dfe000 	C:\WINDOWS\System32\winrnr.dll
0x00007ffc95ad0000 - 0x00007ffc95ae5000 	C:\WINDOWS\System32\wshbth.dll
0x00007ffca2350000 - 0x00007ffca23bb000 	C:\WINDOWS\System32\fwpuclnt.dll
0x00007ffcae540000 - 0x00007ffcae565000 	C:\WINDOWS\SYSTEM32\bcrypt.dll
0x000000006b740000 - 0x000000006b751000 	C:\Program Files\Java\jdk1.8.0_71\jre\bin\nio.dll
0x00007ffcae430000 - 0x00007ffcae447000 	C:\WINDOWS\SYSTEM32\CRYPTSP.dll
0x00007ffcadeb0000 - 0x00007ffcadee4000 	C:\WINDOWS\system32\rsaenh.dll
0x00007ffcae8b0000 - 0x00007ffcae8d9000 	C:\WINDOWS\SYSTEM32\USERENV.dll
0x00007ffcae450000 - 0x00007ffcae45b000 	C:\WINDOWS\SYSTEM32\CRYPTBASE.dll
0x000000006b6b0000 - 0x000000006b6d4000 	C:\Program Files\Java\jdk1.8.0_71\jre\bin\sunec.dll

VM Arguments:
jvm_args: -agentlib:jdwp=transport=dt_socket,address=127.0.0.1:55969,suspend=y,server=n -Dspring.output.ansi.enabled=always -Dfile.encoding=UTF-8 
java_command: com.smy.EurekaClientApplication
java_class_path (initial): C:\Program Files\Java\jdk1.8.0_71\jre\lib\charsets.jar;C:\Program Files\Java\jdk1.8.0_71\jre\lib\deploy.jar;C:\Program Files\Java\jdk1.8.0_71\jre\lib\ext\access-bridge-64.jar;C:\Program Files\Java\jdk1.8.0_71\jre\lib\ext\cldrdata.jar;C:\Program Files\Java\jdk1.8.0_71\jre\lib\ext\dnsns.jar;C:\Program Files\Java\jdk1.8.0_71\jre\lib\ext\jaccess.jar;C:\Program Files\Java\jdk1.8.0_71\jre\lib\ext\jfxrt.jar;C:\Program Files\Java\jdk1.8.0_71\jre\lib\ext\localedata.jar;C:\Program Files\Java\jdk1.8.0_71\jre\lib\ext\nashorn.jar;C:\Program Files\Java\jdk1.8.0_71\jre\lib\ext\sunec.jar;C:\Program Files\Java\jdk1.8.0_71\jre\lib\ext\sunjce_provider.jar;C:\Program Files\Java\jdk1.8.0_71\jre\lib\ext\sunmscapi.jar;C:\Program Files\Java\jdk1.8.0_71\jre\lib\ext\sunpkcs11.jar;C:\Program Files\Java\jdk1.8.0_71\jre\lib\ext\zipfs.jar;C:\Program Files\Java\jdk1.8.0_71\jre\lib\javaws.jar;C:\Program Files\Java\jdk1.8.0_71\jre\lib\jce.jar;C:\Program Files\Java\jdk1.8.0_71\jre\lib\jfr.jar;C:\Program Files\Java\jdk1.8.0_71\jre\lib\jfxswt.jar;C:\Program Files\Java\jdk1.8.0_71\jre\lib\jsse.jar;C:\Program Files\Java\jdk1.8.0_71\jre\lib\management-agent.jar;C:\Program Files\Java\jdk1.8.0_71\jre\lib\plugin.jar;C:\Program Files\Java\jdk1.8.0_71\jre\lib\resources.jar;C:\Program Files\Java\jdk1.8.0_71\jre\lib\rt.jar;C:\smy\projects\MicroService-Parent\eurekaclient\target\classes;C:\smy\apache-maven-3.3.9\repository\org\springframework\cloud\spring-cloud-starter-eureka-server\1.4.2.RELEASE\spring-cloud-starter-eureka-server-1.4.2.RELEASE.jar;C:\smy\apache-maven-3.3.9\repository\org\springframework\cloud\spring-cloud-starter-netflix-eureka-server\1.4.2.RELEASE\spring-cloud-starter-netflix-eureka-server-1.4.2.RELEASE.jar;C:\smy\apache-maven-3.3.9\repository\org\springframework\cloud\spring-cloud-starter\1.3.1.RELEASE\spring-cloud-starter-1.3.1.RELEASE.jar;C:\smy\apache-maven-3.3.9\repository\org\springframework\boot\spring-boot-starter\1.5.9.RELEASE\spring-boot-starter-1.5.9.REL
Launcher Type: SUN_STANDARD

Environment Variables:
JAVA_HOME=C:\Program Files\Java\jdk1.8.0_71
CLASSPATH=.;C:\Program Files\Java\jdk1.8.0_71\lib\tools.jar;C:\Program Files\Java\jdk1.8.0_71\lib\rt.jar;
PATH=C:\Program Files (x86)\Python36-32\Scripts\;C:\Program Files (x86)\Python36-32\;C:\app\admin\product\12.1.0\dbhome_1\bin;C:\Oracle\product\12.1.0\dbhome_1\bin;C:\ProgramData\Oracle\Java\javapath;C:\Program Files (x86)\Intel\iCLS Client\;C:\Program Files\Intel\iCLS Client\;C:\WINDOWS\system32;C:\WINDOWS;C:\WINDOWS\System32\Wbem;C:\WINDOWS\System32\WindowsPowerShell\v1.0\;C:\Program Files (x86)\Intel\Intel(R) Management Engine Components\DAL;C:\Program Files\Intel\Intel(R) Management Engine Components\DAL;C:\Program Files (x86)\Intel\Intel(R) Management Engine Components\IPT;C:\Program Files\Intel\Intel(R) Management Engine Components\IPT;C:\Program Files\TortoiseSVN\bin;C:\Program Files\Java\jdk1.8.0_71\bin;C:\Program Files\Java\jdk1.8.0_71\lib\dt.jar;C:\Program Files\Java\jdk1.8.0_71\lib\tools.jar;C:\smy\apache-maven-3.3.9\bin;.;C:\Program Files (x86)\Microsoft SQL Server\Client SDK\ODBC\130\Tools\Binn\;C:\Program Files (x86)\Microsoft SQL Server\130\Tools\Binn\;C:\Program Files (x86)\Microsoft SQL Server\130\DTS\Binn\;C:\Program Files (x86)\Microsoft SQL Server\130\Tools\Binn\ManagementStudio\;C:\WINDOWS\system32\config\systemprofile\.dnx\bin;C:\Program Files\Microsoft DNX\Dnvm\;C:\Program Files\Microsoft SQL Server\130\Tools\Binn\;C:\Program Files\Git\cmd;C:\smy\node.js\;C:\smy\yarn\bin;C:\Program Files\Intel\WiFi\bin\;C:\Program Files\Common Files\Intel\WirelessCommon\;C:\Users\admin\AppData\Local\Microsoft\WindowsApps;C:\Program Files (x86)\SSH Communications Security\SSH Secure Shell;C:\Users\admin\AppData\Roaming\npm;C:\Users\admin\AppData\Local\Yarn\bin;C:\smy\mysql-5.7.19-winx64\bin;C:\smy\phantomjs-2.1.1-windows\bin;;C:\Program Files\Docker Toolbox
USERNAME=admin
OS=Windows_NT
PROCESSOR_IDENTIFIER=Intel64 Family 6 Model 78 Stepping 3, GenuineIntel



---------------  S Y S T E M  ---------------

OS: Windows 10.0 , 64 bit Build 15063 (10.0.15063.296)

CPU:total 4 (2 cores per cpu, 2 threads per core) family 6 model 78 stepping 3, cmov, cx8, fxsr, mmx, sse, sse2, sse3, ssse3, sse4.1, sse4.2, popcnt, avx, avx2, clmul, erms, 3dnowpref, lzcnt, ht, tsc, tscinvbit, bmi1, bmi2, adx

Memory: 4k page, physical 20851824k(11538936k free), swap 39860264k(0k free)

vm_info: Java HotSpot(TM) 64-Bit Server VM (25.71-b15) for windows-amd64 JRE (1.8.0_71-b15), built on Dec 22 2015 18:15:55 by "java_re" with MS VC++ 10.0 (VS2010)

time: Thu Jan 18 12:10:59 2018
elapsed time: 69481 seconds (0d 19h 18m 1s)

