JvmtiExport can_access_local_variables 1
JvmtiExport can_hotswap_or_post_breakpoint 1
JvmtiExport can_post_on_exceptions 1
# 170 ciObject found
ciMethod java/lang/System currentTimeMillis ()J 3073 1 384 0 -1
ciMethod java/lang/System nanoTime ()J 2049 1 256 0 -1
ciMethod sun/misc/Unsafe compareAndSwapLong (Ljava/lang/Object;JJJ)Z 2049 1 256 0 -1
ciMethod sun/misc/Unsafe getAndAddLong (Ljava/lang/Object;JJ)J 3097 1 790 0 -1
ciMethod sun/misc/Unsafe getAndSetLong (Ljava/lang/Object;JJ)J 2025 1 253 0 -1
ciMethod java/util/concurrent/atomic/AtomicBoolean get ()Z 2073 1 19636 0 64
ciMethod java/util/concurrent/atomic/AtomicBoolean set (Z)V 2049 1 14366 0 0
ciMethod java/util/concurrent/atomic/AtomicLong get ()J 4097 1 29649 0 0
ciMethod java/util/concurrent/atomic/AtomicLong set (J)V 2049 1 17249 0 0
ciMethod java/util/concurrent/atomic/AtomicLong getAndSet (J)J 2057 1 3949 0 0
ciMethod java/util/concurrent/atomic/AtomicLong compareAndSet (JJ)Z 4097 1 13074 0 0
ciMethod java/util/concurrent/atomic/AtomicLong addAndGet (J)J 2137 1 21518 0 0
ciMethod java/util/concurrent/TimeUnit toNanos (J)J 0 0 1 0 -1
ciMethod java/util/concurrent/TimeUnit$1 toNanos (J)J 2049 1 11795 0 0
ciMethodData java/util/concurrent/atomic/AtomicBoolean get ()Z 2 19636 orig 264 232 160 117 106 0 0 0 0 168 197 177 29 0 0 0 0 88 1 0 0 0 0 0 0 0 0 0 0 0 0 0 0 0 0 0 0 0 0 0 0 0 0 0 0 0 0 0 0 0 0 0 0 0 0 0 0 0 0 0 0 0 0 0 0 0 0 0 0 0 0 0 0 0 0 0 0 0 0 0 0 77 68 79 32 101 120 116 114 97 32 100 97 116 97 32 108 111 99 107 0 0 0 0 0 0 0 0 0 0 0 0 0 0 0 0 0 0 0 0 0 0 0 0 0 0 0 0 0 0 0 0 0 0 0 0 0 0 0 0 0 0 0 0 0 0 0 0 0 0 0 0 0 0 0 0 0 0 0 0 0 0 0 0 0 0 0 0 0 0 0 0 0 0 0 0 0 0 0 0 0 0 0 0 0 0 0 0 0 0 0 0 0 0 0 0 0 0 0 0 0 0 0 0 0 0 0 0 0 0 0 0 0 0 0 0 0 2 1 0 0 137 93 2 0 1 0 0 0 0 0 0 0 0 0 0 0 2 0 0 0 0 0 6 0 2 0 0 0 56 0 0 0 255 255 255 255 7 0 4 0 0 0 0 0 data 7 0x40007 0x1bcc 0x38 0x2ffd 0x80003 0x300a 0x18 oops 0
ciMethod com/netflix/servo/monitor/Timer record (JLjava/util/concurrent/TimeUnit;)V 0 0 1 0 -1
ciMethod com/netflix/servo/monitor/BasicTimer recordNanos (J)V 2065 1 5375 0 0
ciMethod com/netflix/servo/monitor/BasicTimer record (JLjava/util/concurrent/TimeUnit;)V 2065 1 5376 0 0
ciMethodData java/util/concurrent/atomic/AtomicLong get ()J 2 29649 orig 264 232 160 117 106 0 0 0 0 160 253 208 29 0 0 0 0 32 1 0 0 0 0 0 0 0 0 0 0 0 0 0 0 0 0 0 0 0 0 0 0 0 0 0 0 0 0 0 0 0 0 0 0 0 0 0 0 0 0 0 0 0 0 0 0 0 0 0 0 0 0 0 0 0 0 0 0 0 0 0 0 77 68 79 32 101 120 116 114 97 32 100 97 116 97 32 108 111 99 107 0 0 0 0 0 0 0 0 0 0 0 0 0 0 0 0 0 0 0 0 0 0 0 0 0 0 0 0 0 0 0 0 0 0 0 0 0 0 0 0 0 0 0 0 0 0 0 0 0 0 0 0 0 0 0 0 0 0 0 0 0 0 0 0 0 0 0 0 0 0 0 0 0 0 0 0 0 0 0 0 0 0 0 0 0 0 0 0 0 0 0 0 0 0 0 0 0 0 0 0 0 0 0 0 0 0 0 0 0 0 0 0 0 0 0 0 0 0 2 0 0 137 142 3 0 1 0 0 0 0 0 0 0 0 0 0 0 2 0 0 0 0 0 3 0 1 0 0 0 0 0 0 0 255 255 255 255 0 0 0 0 0 0 0 0 data 0 oops 0
ciMethodData java/util/concurrent/atomic/AtomicLong compareAndSet (JJ)Z 2 13074 orig 264 232 160 117 106 0 0 0 0 112 48 223 29 0 0 0 0 152 1 0 0 0 0 0 0 0 0 0 0 0 0 0 0 0 0 0 0 0 0 0 0 0 0 0 0 0 0 0 0 0 0 0 0 0 0 0 0 0 0 0 0 0 0 0 0 0 0 0 0 0 0 0 0 0 0 0 0 0 0 0 0 77 68 79 32 101 120 116 114 97 32 100 97 116 97 32 108 111 99 107 0 0 0 0 0 0 0 0 0 0 0 0 0 0 0 0 0 0 0 0 0 0 0 0 0 0 0 0 0 0 0 0 0 0 0 0 0 0 0 0 0 0 0 0 0 0 0 0 0 0 0 0 0 0 0 0 0 0 0 0 0 0 0 0 0 0 0 0 0 0 0 0 0 0 0 0 0 0 0 0 0 0 0 0 0 0 0 0 0 0 0 0 0 0 0 0 0 0 0 0 0 0 0 0 0 0 0 0 0 0 0 0 0 0 0 0 0 0 2 0 0 145 136 1 0 1 0 0 0 0 0 0 0 0 0 0 0 2 0 0 0 0 0 3 0 1 0 0 0 48 0 0 0 255 255 255 255 5 0 9 0 0 0 0 0 data 6 0x90005 0x89 0x0 0x0 0x0 0x0 oops 0
ciMethod com/netflix/servo/util/Clock now ()J 0 0 1 0 -1
ciMethod com/netflix/servo/util/ClockWithOffset now ()J 2129 1 33594 0 0
ciMethod com/netflix/servo/monitor/StepCounter increment ()V 3073 1 5375 0 0
ciMethod com/netflix/servo/monitor/StepCounter increment (J)V 3073 1 5376 0 0
ciMethod com/netflix/servo/monitor/StepLong addAndGet (J)V 2081 4161 10752 0 0
ciMethod com/netflix/servo/monitor/StepLong rollCount (IJ)V 3089 1 5508 0 1376
ciMethod com/netflix/servo/monitor/StepLong getCurrent (I)Ljava/util/concurrent/atomic/AtomicLong; 3073 1 33551 0 0
ciMethod com/netflix/servo/monitor/MinGauge updateMin (IJ)V 3089 1 5512 0 2464
ciMethod com/netflix/servo/monitor/MinGauge update (J)V 3073 6145 5377 0 0
ciMethod com/netflix/servo/monitor/MaxGauge updateMax (IJ)V 3089 1 6532 0 2464
ciMethod com/netflix/servo/monitor/MaxGauge update (J)V 3089 6177 5376 0 0
ciMethodData com/netflix/servo/util/ClockWithOffset now ()J 2 33594 orig 264 232 160 117 106 0 0 0 0 64 40 136 42 0 0 0 0 88 1 0 0 0 0 0 0 0 0 0 0 0 0 0 0 0 0 0 0 0 0 0 0 0 0 0 0 0 0 0 0 0 0 0 0 0 0 0 0 0 0 0 0 0 0 0 0 0 0 0 0 0 0 0 0 0 0 0 0 0 0 0 0 77 68 79 32 101 120 116 114 97 32 100 97 116 97 32 108 111 99 107 0 0 0 0 0 0 0 0 0 0 0 0 0 0 0 0 0 0 0 0 0 0 0 0 0 0 0 0 0 0 0 0 0 0 0 0 0 0 0 0 0 0 0 0 0 0 0 0 0 0 0 0 0 0 0 0 0 0 0 0 0 0 0 0 0 0 0 0 0 0 0 0 0 0 0 0 0 0 0 0 0 0 0 0 0 0 0 0 0 0 0 0 0 0 0 0 0 0 0 0 0 0 0 0 0 0 0 0 0 0 0 0 0 0 0 0 0 10 1 0 0 129 17 4 0 1 0 0 0 0 0 0 0 0 0 0 0 2 0 0 0 0 0 3 0 2 0 0 0 16 0 0 0 255 255 255 255 2 0 4 0 0 0 0 0 data 2 0x40002 0x8231 oops 0
ciMethodData com/netflix/servo/monitor/StepLong rollCount (IJ)V 2 5508 orig 264 232 160 117 106 0 0 0 0 152 72 136 42 0 0 0 0 96 2 0 0 0 0 0 0 0 0 0 0 0 0 0 0 0 0 0 0 0 0 0 0 0 0 0 0 0 0 0 0 0 0 0 0 0 0 0 0 0 0 0 0 0 0 0 0 0 0 0 0 0 0 0 0 0 0 0 0 0 0 0 0 77 68 79 32 101 120 116 114 97 32 100 97 116 97 32 108 111 99 107 0 0 0 0 0 0 0 0 0 0 0 0 0 0 0 0 0 0 0 0 0 0 0 0 0 0 0 0 0 0 0 0 0 0 0 0 0 0 0 0 0 0 0 0 0 0 0 0 0 0 0 0 0 0 0 0 0 0 0 0 0 0 0 0 0 0 0 0 0 0 0 0 0 0 0 0 0 0 0 0 0 0 0 0 0 0 0 0 0 0 0 0 0 0 0 0 0 0 0 0 0 0 0 0 0 0 0 0 0 0 0 0 0 0 0 0 0 130 1 0 0 17 160 0 0 1 0 0 0 0 0 0 0 0 0 0 0 2 0 0 0 0 0 8 0 2 0 0 0 0 1 0 0 255 255 255 255 5 0 19 0 0 0 0 0 data 32 0x130005 0x0 0x208fb2a0 0x1402 0x0 0x0 0x1d0007 0x846 0xd0 0xbbc 0x2a0005 0x0 0x208fb2a0 0xbbc 0x0 0x0 0x2d0007 0x0 0x80 0xbbc 0x500005 0x0 0x208fb2a0 0xbbc 0x0 0x0 0x530005 0x0 0x208fb2a0 0xbbc 0x0 0x0 oops 4